-----------------------------------------------------------------------------------------------------------------------------------------------
      name:  <unnamed>
       log:  C:\Users\Kristen Harknett\Harvard University\HKS_Shift - products\papers\Seattle_Evaluation_Harknett_Schneider_Irwin\PNAS replicat
> e\Seattle_SSO_codebook.log
  log type:  text
 opened on:  27 Sep 2021, 16:12:15

. codebook

-----------------------------------------------------------------------------------------------------------------------------------------------
respondent_id                                                                                                                     respondent_id
-----------------------------------------------------------------------------------------------------------------------------------------------

                  type:  numeric (double)
                 label:  respondent_id, but label does not exist

                 range:  [14545,156912]               units:  1
         unique values:  21,800                   missing .:  0/260,117

                  mean:   81821.3
              std. dev:   38311.4

           percentiles:        10%       25%       50%       75%       90%
                             38802     48798     71147    112670    144545

-----------------------------------------------------------------------------------------------------------------------------------------------
seattle_treat                                                                                                               Treatment - Seattle
-----------------------------------------------------------------------------------------------------------------------------------------------

                  type:  numeric (double)
                 label:  yn

                 range:  [0,1]                        units:  1
         unique values:  2                        missing .:  0/260,117

            tabulation:  Freq.   Numeric  Label
                       238,755         0  No
                        21,362         1  Yes

-----------------------------------------------------------------------------------------------------------------------------------------------
nearseattle_comp                                                                                                      Comparison - near Seattle
-----------------------------------------------------------------------------------------------------------------------------------------------

                  type:  numeric (double)
                 label:  yn

                 range:  [0,1]                        units:  1
         unique values:  2                        missing .:  0/260,117

            tabulation:  Freq.   Numeric  Label
                       217,833         0  No
                        42,284         1  Yes

-----------------------------------------------------------------------------------------------------------------------------------------------
minwage_comp                                                                                                       Comparison - City w/Min Wage
-----------------------------------------------------------------------------------------------------------------------------------------------

                  type:  numeric (double)
                 label:  yn

                 range:  [0,1]                        units:  1
         unique values:  2                        missing .:  0/260,117

            tabulation:  Freq.   Numeric  Label
                        86,900         0  No
                       173,217         1  Yes

-----------------------------------------------------------------------------------------------------------------------------------------------
schedcity_comp                                                                                                  Comparison - Fair workweek City
-----------------------------------------------------------------------------------------------------------------------------------------------

                  type:  numeric (double)
                 label:  yn

                 range:  [0,1]                        units:  1
         unique values:  2                        missing .:  0/260,117

            tabulation:  Freq.   Numeric  Label
                       175,681         0  No
                        84,436         1  Yes

-----------------------------------------------------------------------------------------------------------------------------------------------
schedstate_comp                                                                                           Comparison - Fair workweek City/State
-----------------------------------------------------------------------------------------------------------------------------------------------

                  type:  numeric (double)
                 label:  yn

                 range:  [0,1]                        units:  1
         unique values:  2                        missing .:  0/260,117

            tabulation:  Freq.   Numeric  Label
                       139,623         0  No
                       120,494         1  Yes

-----------------------------------------------------------------------------------------------------------------------------------------------
period                                                                                                                            Survey period
-----------------------------------------------------------------------------------------------------------------------------------------------

                  type:  numeric (double)
                 label:  PERIOD

                 range:  [0,2]                        units:  1
         unique values:  3                        missing .:  0/260,117

            tabulation:  Freq.   Numeric  Label
                        91,652         0  Baseline
                       121,847         1  1yr
                        46,618         2  2yr

-----------------------------------------------------------------------------------------------------------------------------------------------
age                                                                                                                                         Age
-----------------------------------------------------------------------------------------------------------------------------------------------

                  type:  numeric (double)
                 label:  AGE50

                 range:  [1,5]                        units:  1
         unique values:  5                        missing .:  8,826/260,117

            tabulation:  Freq.   Numeric  Label
                        52,280         1  18-19
                        87,803         2  20-29
                        42,797         3  30-39
                        31,861         4  40-49
                        36,550         5  50+
                         8,826         .  

-----------------------------------------------------------------------------------------------------------------------------------------------
race                                                                                                                             Race/Ethnicity
-----------------------------------------------------------------------------------------------------------------------------------------------

                  type:  numeric (double)
                 label:  RACE

                 range:  [1,5]                        units:  1
         unique values:  5                        missing .:  0/260,117

            tabulation:  Freq.   Numeric  Label
                       150,427         1  White, nh
                         8,032         2  Black, nh
                        43,856         3  Hispanic
                         9,358         4  Asian, nh
                        48,444         5  Other, or 2+, nh

-----------------------------------------------------------------------------------------------------------------------------------------------
female                                                                                                                                   Gender
-----------------------------------------------------------------------------------------------------------------------------------------------

                  type:  numeric (double)
                 label:  female

                 range:  [0,1]                        units:  1
         unique values:  2                        missing .:  8,477/260,117

            tabulation:  Freq.   Numeric  Label
                        81,135         0  Male
                       170,505         1  Female
                         8,477         .  

-----------------------------------------------------------------------------------------------------------------------------------------------
educ                                                                                                                     Highest grade achieved
-----------------------------------------------------------------------------------------------------------------------------------------------

                  type:  numeric (double)
                 label:  EDUC

                 range:  [1,3]                        units:  1
         unique values:  3                        missing .:  8,389/260,117

            tabulation:  Freq.   Numeric  Label
                        95,934         1  HS or less
                       114,035         2  Some College
                        41,759         3  BA+
                         8,389         .  

-----------------------------------------------------------------------------------------------------------------------------------------------
enrolled                                                                                                                     Enrolled in school
-----------------------------------------------------------------------------------------------------------------------------------------------

                  type:  numeric (double)
                 label:  YN

                 range:  [0,1]                        units:  1
         unique values:  2                        missing .:  8,378/260,117

            tabulation:  Freq.   Numeric  Label
                       167,134         0  No
                        84,605         1  Yes
                         8,378         .  

-----------------------------------------------------------------------------------------------------------------------------------------------
cohabstatus                                                                                                                      Marital status
-----------------------------------------------------------------------------------------------------------------------------------------------

                  type:  numeric (double)
                 label:  cohabstatus

                 range:  [1,3]                        units:  1
         unique values:  3                        missing .:  8,424/260,117

            tabulation:  Freq.   Numeric  Label
                        61,803         1  Married
                        57,567         2  Living with a partner
                       132,323         3  Not living with a spouse or
                                          partner
                         8,424         .  

-----------------------------------------------------------------------------------------------------------------------------------------------
kids                                                                                                                                   Has kids
-----------------------------------------------------------------------------------------------------------------------------------------------

                  type:  numeric (double)
                 label:  YN

                 range:  [0,1]                        units:  1
         unique values:  2                        missing .:  0/260,117
       unique mv codes:  2                       missing .*:  8,732/260,117

            tabulation:  Freq.   Numeric  Label
                       160,898         0  No
                        90,487         1  Yes
                           122        .c  
                         8,610        .d  

-----------------------------------------------------------------------------------------------------------------------------------------------
manager                                                                                                                                 Manager
-----------------------------------------------------------------------------------------------------------------------------------------------

                  type:  numeric (double)
                 label:  YN

                 range:  [0,1]                        units:  1
         unique values:  2                        missing .:  1,303/260,117

            tabulation:  Freq.   Numeric  Label
                       208,105         0  No
                        50,709         1  Yes
                         1,303         .  

-----------------------------------------------------------------------------------------------------------------------------------------------
jobtenure                                                                                                                         Tenure at job
-----------------------------------------------------------------------------------------------------------------------------------------------

                  type:  numeric (double)
                 label:  longwork_yrs

                 range:  [1,7]                        units:  1
         unique values:  7                        missing .:  357/260,117

            tabulation:  Freq.   Numeric  Label
                        57,695         1  less than 1 year
                        41,295         2  1 year
                        41,985         3  2 years
                        27,295         4  3 years
                        15,806         5  4 years
                        12,866         6  5 years
                        62,818         7  6 or more years
                           357         .  

-----------------------------------------------------------------------------------------------------------------------------------------------
subsector                                                                                                                    Industry Subsector
-----------------------------------------------------------------------------------------------------------------------------------------------

                  type:  numeric (long)
                 label:  subsector

                 range:  [1,9]                        units:  1
         unique values:  9                        missing .:  0/260,117

            tabulation:  Freq.   Numeric  Label
                        24,013         1  Apparel
                        19,547         2  Cafe
                        10,032         3  Casual Dining
                        37,510         4  Dept/Super Store
                        71,764         5  Fast Food
                        44,473         6  Grocery
                        15,004         7  Hardware/Paint
                        12,122         8  Health/Beauty
                        25,652         9  Misc. Retail

-----------------------------------------------------------------------------------------------------------------------------------------------
unpred_scale                                                                                                    Schedule Unpredictability Scale
-----------------------------------------------------------------------------------------------------------------------------------------------

                  type:  numeric (float)

                 range:  [0,6]                        units:  1.000e-07
         unique values:  13                       missing .:  5,030/260,117

                  mean:    2.6989
              std. dev:   1.55375

           percentiles:        10%       25%       50%       75%       90%
                                 0         2         3         4         5

-----------------------------------------------------------------------------------------------------------------------------------------------
shortnotice                                                                                                            Less than 2 weeks notice
-----------------------------------------------------------------------------------------------------------------------------------------------

                  type:  numeric (float)
                 label:  yn

                 range:  [0,1]                        units:  1
         unique values:  2                        missing .:  5,202/260,117

            tabulation:  Freq.   Numeric  Label
                       118,986         0  No
                       135,929         1  Yes
                         5,202         .  

-----------------------------------------------------------------------------------------------------------------------------------------------
timing                                                                                                             Last-minute schedule changes
-----------------------------------------------------------------------------------------------------------------------------------------------

                  type:  numeric (float)
                 label:  yn

                 range:  [0,1]                        units:  1
         unique values:  2                        missing .:  6,595/260,117

            tabulation:  Freq.   Numeric  Label
                        76,786         0  No
                       176,736         1  Yes
                         6,595         .  

-----------------------------------------------------------------------------------------------------------------------------------------------
timingpay                                                                                                  Last-minute schedule changes w/o pay
-----------------------------------------------------------------------------------------------------------------------------------------------

                  type:  numeric (float)
                 label:  yn

                 range:  [0,1]                        units:  1
         unique values:  2                        missing .:  6,595/260,117

            tabulation:  Freq.   Numeric  Label
                        92,936         0  No
                       160,586         1  Yes
                         6,595         .  

-----------------------------------------------------------------------------------------------------------------------------------------------
clopen                                                                                                                                Clopening
-----------------------------------------------------------------------------------------------------------------------------------------------

                  type:  numeric (float)
                 label:  yn

                 range:  [0,1]                        units:  1
         unique values:  2                        missing .:  6,911/260,117

            tabulation:  Freq.   Numeric  Label
                       144,451         0  No
                       108,755         1  Yes
                         6,911         .  

-----------------------------------------------------------------------------------------------------------------------------------------------
oncall                                                                                                                                  On-call
-----------------------------------------------------------------------------------------------------------------------------------------------

                  type:  numeric (float)
                 label:  yn

                 range:  [0,1]                        units:  1
         unique values:  2                        missing .:  6,309/260,117

            tabulation:  Freq.   Numeric  Label
                       190,593         0  No
                        63,215         1  Yes
                         6,309         .  

-----------------------------------------------------------------------------------------------------------------------------------------------
cancelpay                                                                                                           Shift cancellations w/o pay
-----------------------------------------------------------------------------------------------------------------------------------------------

                  type:  numeric (float)
                 label:  yn

                 range:  [0,1]                        units:  1
         unique values:  2                        missing .:  6,257/260,117

            tabulation:  Freq.   Numeric  Label
                       214,723         0  No
                        39,137         1  Yes
                         6,257         .  

-----------------------------------------------------------------------------------------------------------------------------------------------
distress_scale                                                                                                     Psychological Distress scale
-----------------------------------------------------------------------------------------------------------------------------------------------

                  type:  numeric (double)
                 label:  DESPAIR, but 92630 nonmissing values are not labeled

                 range:  [0,24]                       units:  1.000e-12
         unique values:  92,632                   missing .:  9,788/260,117

              examples:  5     
                         9     
                         12    
                         16.151098

-----------------------------------------------------------------------------------------------------------------------------------------------
hardship_scale                                                                                                          Material Hardship Scale
-----------------------------------------------------------------------------------------------------------------------------------------------

                  type:  numeric (float)

                 range:  [0,6]                        units:  1
         unique values:  7                        missing .:  0/260,117

            tabulation:  Freq.  Value
                       107,399  0
                        62,044  1
                        45,462  2
                        28,226  3
                        12,003  4
                         3,949  5
                         1,034  6

-----------------------------------------------------------------------------------------------------------------------------------------------
happy                                                                                                                      Very or Pretty Happy
-----------------------------------------------------------------------------------------------------------------------------------------------

                  type:  numeric (double)
                 label:  YN

                 range:  [0,1]                        units:  1
         unique values:  2                        missing .:  9,898/260,117

            tabulation:  Freq.   Numeric  Label
                        66,019         0  No
                       184,200         1  Yes
                         9,898         .  

-----------------------------------------------------------------------------------------------------------------------------------------------
distressed                                                                                                               Psychological Distress
-----------------------------------------------------------------------------------------------------------------------------------------------

                  type:  numeric (float)
                 label:  yn

                 range:  [0,1]                        units:  1
         unique values:  2                        missing .:  9,788/260,117

            tabulation:  Freq.   Numeric  Label
                       171,775         0  No
                        78,554         1  Yes
                         9,788         .  

-----------------------------------------------------------------------------------------------------------------------------------------------
goodsleep                                                                                                               Good or Very Good Sleep
-----------------------------------------------------------------------------------------------------------------------------------------------

                  type:  numeric (double)
                 label:  YN

                 range:  [0,1]                        units:  1
         unique values:  2                        missing .:  9,522/260,117

            tabulation:  Freq.   Numeric  Label
                       169,021         0  No
                        81,574         1  Yes
                         9,522         .  

-----------------------------------------------------------------------------------------------------------------------------------------------
hardship                                                                                                         Two or more hardship exposures
-----------------------------------------------------------------------------------------------------------------------------------------------

                  type:  numeric (float)
                 label:  yn

                 range:  [0,1]                        units:  1
         unique values:  2                        missing .:  9,941/260,117

            tabulation:  Freq.   Numeric  Label
                        97,458         0  No
                       152,718         1  Yes
                         9,941         .  

-----------------------------------------------------------------------------------------------------------------------------------------------
acs_weight                                                                                                                           ACS Weight
-----------------------------------------------------------------------------------------------------------------------------------------------

                  type:  numeric (float)

                 range:  [.31110677,6.7938786]        units:  1.000e-08
         unique values:  43,591                   missing .:  9,103/260,117

                  mean:   .994441
              std. dev:    .49019

           percentiles:        10%       25%       50%       75%       90%
                           .540994   .696095   .828132   1.19702   1.62435

-----------------------------------------------------------------------------------------------------------------------------------------------
_mi_m                                                                                                                               (unlabeled)
-----------------------------------------------------------------------------------------------------------------------------------------------

                  type:  numeric (int)

                 range:  [0,10]                       units:  1
         unique values:  11                       missing .:  0/260,117

                  mean:         5
              std. dev:   3.16228

           percentiles:        10%       25%       50%       75%       90%
                                 1         2         5         8         9

-----------------------------------------------------------------------------------------------------------------------------------------------
_mi_id                                                                                                                              (unlabeled)
-----------------------------------------------------------------------------------------------------------------------------------------------

                  type:  numeric (int)

                 range:  [1,23654]                    units:  1
         unique values:  23,647                   missing .:  0/260,117

                  mean:   11827.8
              std. dev:   6828.49

           percentiles:        10%       25%       50%       75%       90%
                              2366      5914     11828     17742     21290

-----------------------------------------------------------------------------------------------------------------------------------------------
_mi_miss                                                                                                                            (unlabeled)
-----------------------------------------------------------------------------------------------------------------------------------------------

                  type:  numeric (byte)

                 range:  [0,1]                        units:  1
         unique values:  2                        missing .:  236,470/260,117

            tabulation:  Freq.  Value
                         8,086  0
                        15,561  1
                       236,470  .

-----------------------------------------------------------------------------------------------------------------------------------------------
mi_range                                                                                                                            (unlabeled)
-----------------------------------------------------------------------------------------------------------------------------------------------

                  type:  numeric (float)

                 range:  [0,7]                        units:  1
         unique values:  8                        missing .:  0/260,117

            tabulation:  Freq.  Value
                       215,820  0
                        33,495  1
                         8,558  2
                         1,749  3
                           363  4
                           110  5
                            11  6
                            11  7

. log close
      name:  <unnamed>
       log:  C:\Users\Kristen Harknett\Harvard University\HKS_Shift - products\papers\Seattle_Evaluation_Harknett_Schneider_Irwin\PNAS replicat
> e\Seattle_SSO_codebook.log
  log type:  text
 closed on:  27 Sep 2021, 16:12:48
-----------------------------------------------------------------------------------------------------------------------------------------------
